<?xml version="1.0" encoding="utf-8"?><testsuites><testsuite name="pytest" errors="0" failures="0" skipped="6" tests="238" time="29.192" timestamp="2024-05-17T14:00:48.128824" hostname="it1002110"><properties><property name="hypothesis-statistics-tests/test_tiered_time.py::test_associative" value="dGVzdHMvdGVzdF90aWVyZWRfdGltZS5weTo6dGVzdF9hc3NvY2lhdGl2ZToKCiAgLSBkdXJpbmcgcmV1c2UgcGhhc2UgKDAuMjEgc2Vjb25kcyk6CiAgICAtIFR5cGljYWwgcnVudGltZXM6IH4gMTEtMTggbXMsIG9mIHdoaWNoIH4gMTAtMTYgbXMgaW4gZGF0YSBnZW5lcmF0aW9uCiAgICAtIDEwIHBhc3NpbmcgZXhhbXBsZXMsIDAgZmFpbGluZyBleGFtcGxlcywgMCBpbnZhbGlkIGV4YW1wbGVzCgogIC0gZHVyaW5nIGdlbmVyYXRlIHBoYXNlICgyLjI1IHNlY29uZHMpOgogICAgLSBUeXBpY2FsIHJ1bnRpbWVzOiB+IDExLTIyIG1zLCBvZiB3aGljaCB+IDEwLTIxIG1zIGluIGRhdGEgZ2VuZXJhdGlvbgogICAgLSA5MCBwYXNzaW5nIGV4YW1wbGVzLCAwIGZhaWxpbmcgZXhhbXBsZXMsIDAgaW52YWxpZCBleGFtcGxlcwoKICAtIFN0b3BwZWQgYmVjYXVzZSBzZXR0aW5ncy5tYXhfZXhhbXBsZXM9MTAw" /><property name="hypothesis-statistics-tests/test_tiered_time.py::test_torsor" value="dGVzdHMvdGVzdF90aWVyZWRfdGltZS5weTo6dGVzdF90b3Jzb3I6CgogIC0gZHVyaW5nIHJldXNlIHBoYXNlICgwLjI2IHNlY29uZHMpOgogICAgLSBUeXBpY2FsIHJ1bnRpbWVzOiB+IDktNjIgbXMsIG9mIHdoaWNoIH4gOC02MSBtcyBpbiBkYXRhIGdlbmVyYXRpb24KICAgIC0gMTAgcGFzc2luZyBleGFtcGxlcywgMCBmYWlsaW5nIGV4YW1wbGVzLCAwIGludmFsaWQgZXhhbXBsZXMKCiAgLSBkdXJpbmcgZ2VuZXJhdGUgcGhhc2UgKDEuOTAgc2Vjb25kcyk6CiAgICAtIFR5cGljYWwgcnVudGltZXM6IH4gMTEtMTggbXMsIG9mIHdoaWNoIH4gMTAtMTcgbXMgaW4gZGF0YSBnZW5lcmF0aW9uCiAgICAtIDkwIHBhc3NpbmcgZXhhbXBsZXMsIDAgZmFpbGluZyBleGFtcGxlcywgMCBpbnZhbGlkIGV4YW1wbGVzCgogIC0gU3RvcHBlZCBiZWNhdXNlIHNldHRpbmdzLm1heF9leGFtcGxlcz0xMDA=" /></properties><testcase classname="tests.test_adapters" name="test_old_api_version_warning" time="0.009" /><testcase classname="tests.test_adapters" name="test_old_api_version_no_warning" time="0.003" /><testcase classname="tests.test_adapters" name="test_start_wrong_api_version" time="0.003" /><testcase classname="tests.test_attr_specification" name="test_parse_attrs[time-based-True-ab-spec_in0-spec_out0]" time="0.003" /><testcase classname="tests.test_attr_specification" name="test_parse_attrs[time-based-False-None-spec_in1-ValueError]" time="0.003" /><testcase classname="tests.test_attr_specification" name="test_parse_attrs[hybrid-True-None-spec_in2-spec_out2]" time="0.003" /><testcase classname="tests.test_attr_specification" name="test_parse_attrs[hybrid-False-None-spec_in3-spec_out3]" time="0.003" /><testcase classname="tests.test_attr_specification" name="test_parse_attrs[event-based-False-None-spec_in4-spec_out4]" time="0.004" /><testcase classname="tests.test_attr_specification" name="test_parse_attrs[time-based-False-None-spec_in5-spec_out5]" time="0.004" /><testcase classname="tests.test_attr_specification" name="test_parse_attrs[hybrid-False-None-spec_in6-spec_out6]" time="0.004" /><testcase classname="tests.test_attr_specification" name="test_parse_attrs[event-based-False-None-spec_in7-ValueError]" time="0.004" /><testcase classname="tests.test_attr_specification" name="test_parse_attrs[time-based-False-ab-spec_in8-ValueError]" time="0.004" /><testcase classname="tests.test_attr_specification" name="test_parse_attrs[time-based-False-None-spec_in9-ValueError]" time="0.004" /><testcase classname="tests.test_attr_specification" name="test_parse_attrs[event-based-False-ab-spec_in10-ValueError]" time="0.004" /><testcase classname="tests.test_attr_specification" name="test_parse_attrs[time-based-False-ab-spec_in11-ValueError]" time="0.005" /><testcase classname="tests.test_attr_specification" name="test_parse_attrs[event-based-False-ab-spec_in12-ValueError]" time="0.004" /><testcase classname="tests.test_attr_specification" name="test_parse_attrs[hybrid-False-ab-spec_in13-ValueError]" time="0.004" /><testcase classname="tests.test_attr_specification" name="test_parse_attrs[hybrid-False-ab-spec_in14-ValueError]" time="0.004" /><testcase classname="tests.test_attr_specification" name="test_parse_attrs[hybrid-False-iton-spec_in15-spec_out15]" time="0.005" /><testcase classname="tests.test_attr_specification" name="test_parse_attr_result_is_assigned_correctly" time="0.007" /><testcase classname="tests.test_attr_specification" name="test_parse_attr_result_called_by_world_start" time="0.006" /><testcase classname="tests.test_basic_simulators" name="test_basic_simulators" time="0.083" /><testcase classname="tests.test_benchmarks" name="test_benchmarks[/home/eschulte/mosaik/develop/tests/benchmarks/benchmark_sparse_time.py]" time="0.001"><skipped type="pytest.skip" message="need --benchmarks option to run">/home/eschulte/mosaik/develop/tests/test_benchmarks.py:18: need --benchmarks option to run</skipped></testcase><testcase classname="tests.test_benchmarks" name="test_benchmarks[/home/eschulte/mosaik/develop/tests/benchmarks/benchmark_parallel_execution.py]" time="0.001"><skipped type="pytest.skip" message="need --benchmarks option to run">/home/eschulte/mosaik/develop/tests/test_benchmarks.py:18: need --benchmarks option to run</skipped></testcase><testcase classname="tests.test_benchmarks" name="test_benchmarks[/home/eschulte/mosaik/develop/tests/benchmarks/benchmark_many_to_one.py]" time="0.001"><skipped type="pytest.skip" message="need --benchmarks option to run">/home/eschulte/mosaik/develop/tests/test_benchmarks.py:18: need --benchmarks option to run</skipped></testcase><testcase classname="tests.test_benchmarks" name="test_benchmarks[/home/eschulte/mosaik/develop/tests/benchmarks/benchmark_one_to_many.py]" time="0.001"><skipped type="pytest.skip" message="need --benchmarks option to run">/home/eschulte/mosaik/develop/tests/test_benchmarks.py:18: need --benchmarks option to run</skipped></testcase><testcase classname="tests.test_benchmarks" name="test_benchmarks[/home/eschulte/mosaik/develop/tests/benchmarks/benchmark_sequential_cycle.py]" time="0.001"><skipped type="pytest.skip" message="need --benchmarks option to run">/home/eschulte/mosaik/develop/tests/test_benchmarks.py:18: need --benchmarks option to run</skipped></testcase><testcase classname="tests.test_benchmarks" name="test_benchmarks[/home/eschulte/mosaik/develop/tests/benchmarks/benchmark_same_time_loop.py]" time="0.002"><skipped type="pytest.skip" message="need --benchmarks option to run">/home/eschulte/mosaik/develop/tests/test_benchmarks.py:18: need --benchmarks option to run</skipped></testcase><testcase classname="tests.test_exceptions" name="test_simulation_error" time="0.002" /><testcase classname="tests.test_mosaik" name="test_call_extra_methods[Local]" time="0.007" /><testcase classname="tests.test_mosaik" name="test_call_extra_methods[Remote]" time="0.363" /><testcase classname="tests.test_mosaik" name="test_call_two_extra_methods[Generic]" time="0.006" /><testcase classname="tests.test_mosaik" name="test_call_two_extra_methods[RemoteGeneric]" time="0.270" /><testcase classname="tests.test_mosaik" name="test_rt_sim" time="0.211" /><testcase classname="tests.test_mosaik" name="test_rt_sim_too_slow[True]" time="0.023" /><testcase classname="tests.test_mosaik" name="test_rt_sim_too_slow[False]" time="0.022" /><testcase classname="tests.test_scenario" name="test_entity" time="0.001" /><testcase classname="tests.test_scenario" name="test_world" time="0.002" /><testcase classname="tests.test_scenario" name="test_two_worlds" time="0.002" /><testcase classname="tests.test_scenario" name="test_world_debug" time="0.003" /><testcase classname="tests.test_scenario" name="test_world_start" time="0.006" /><testcase classname="tests.test_scenario" name="test_global_time_resolution" time="0.005" /><testcase classname="tests.test_scenario" name="test_world_connect" time="0.006" /><testcase classname="tests.test_scenario" name="test_world_connect_same_simulator" time="0.004" /><testcase classname="tests.test_scenario" name="test_world_connect_cycle" time="0.007" /><testcase classname="tests.test_scenario" name="test_group_cycle" time="0.008" /><testcase classname="tests.test_scenario" name="test_world_connect_wrong_attr_names" time="0.007" /><testcase classname="tests.test_scenario" name="test_world_connect_no_attrs" time="0.006" /><testcase classname="tests.test_scenario" name="test_world_connect_any_inputs" time="0.006" /><testcase classname="tests.test_scenario" name="test_world_connect_async_requests" time="0.006" /><testcase classname="tests.test_scenario" name="test_world_connect_time_shifted" time="0.006" /><testcase classname="tests.test_scenario" name="test_weak_outside_group" time="0.010" /><testcase classname="tests.test_scenario" name="test_world_get_data" time="0.006" /><testcase classname="tests.test_scenario" name="test_world_run_twice" time="0.007" /><testcase classname="tests.test_scenario" name="test_model_factory" time="0.004" /><testcase classname="tests.test_scenario" name="test_model_factory_check_params" time="0.004" /><testcase classname="tests.test_scenario" name="test_model_factory_hierarchical_entities" time="0.004" /><testcase classname="tests.test_scenario" name="test_model_factory_wrong_entity_count" time="0.004" /><testcase classname="tests.test_scenario" name="test_model_factory_wrong_model" time="0.007" /><testcase classname="tests.test_scenario" name="test_model_factory_hierarchical_entities_illegal_type" time="0.005" /><testcase classname="tests.test_scenario" name="test_model_factory_private_model" time="0.004" /><testcase classname="tests.test_scenario" name="test_model_factory_unkown_model" time="0.004" /><testcase classname="tests.test_scenario" name="test_model_mock_entity_graph" time="0.005" /><testcase classname="tests.test_scenario" name="test_extra_methods" time="0.004" /><testcase classname="tests.test_scenario" name="test_no_extra_methods" time="0.004" /><testcase classname="tests.test_scenario" name="test_extra_info" time="0.004" /><testcase classname="tests.test_scenario" name="test_missing_type_in_meta" time="0.005" /><testcase classname="tests.test_scenario" name="test_typo_in_type_in_meta" time="0.005" /><testcase classname="tests.test_scenario" name="test_missing_type_in_old_api" time="0.006" /><testcase classname="tests.test_scheduler" name="test_run" time="0.008" /><testcase classname="tests.test_scheduler" name="test_run_illegal_rt_factor" time="0.004" /><testcase classname="tests.test_scheduler" name="test_sim_process" time="0.002" /><testcase classname="tests.test_scheduler" name="test_sim_process_error" time="0.005" /><testcase classname="tests.test_scheduler" name="test_wait_for_dependencies[True-2-time-based]" time="0.013" /><testcase classname="tests.test_scheduler" name="test_wait_for_dependencies[True-2-event-based]" time="0.012" /><testcase classname="tests.test_scheduler" name="test_wait_for_dependencies[False-2-time-based]" time="0.011" /><testcase classname="tests.test_scheduler" name="test_wait_for_dependencies[False-2-event-based]" time="0.010" /><testcase classname="tests.test_scheduler" name="test_wait_for_dependencies_all_done[time-based]" time="0.010" /><testcase classname="tests.test_scheduler" name="test_wait_for_dependencies_shifted[0-True-time-based]" time="0.009" /><testcase classname="tests.test_scheduler" name="test_wait_for_dependencies_shifted[1-False-time-based]" time="0.008" /><testcase classname="tests.test_scheduler" name="test_wait_for_dependencies_lazy[True-time-based]" time="0.008" /><testcase classname="tests.test_scheduler" name="test_wait_for_dependencies_lazy[False-time-based]" time="0.007" /><testcase classname="tests.test_scheduler" name="test_get_input_data[time-based]" time="0.006" /><testcase classname="tests.test_scheduler" name="test_get_input_data_shifted[time-based]" time="0.006" /><testcase classname="tests.test_scheduler" name="test_get_max_advance[time-based-next_steps0-next_step_s10-5]" time="0.007" /><testcase classname="tests.test_scheduler" name="test_get_max_advance[time-based-next_steps1-next_step_s11-3]" time="0.007" /><testcase classname="tests.test_scheduler" name="test_get_max_advance[event-based-next_steps2-None-2]" time="0.008" /><testcase classname="tests.test_scheduler" name="test_get_max_advance[event-based-next_steps3-next_step_s13-1]" time="0.007" /><testcase classname="tests.test_scheduler" name="test_step[time-based]" time="0.007" /><testcase classname="tests.test_scheduler" name="test_step[event-based]" time="0.007" /><testcase classname="tests.test_scheduler" name="test_get_outputs[time-based-True]" time="0.009" /><testcase classname="tests.test_scheduler" name="test_get_outputs[event-based-False]" time="0.008" /><testcase classname="tests.test_scheduler" name="test_get_outputs_buffered[event-based]" time="0.009" /><testcase classname="tests.test_scheduler" name="test_notify_dependencies[2-output_time0-next_steps0-event-based]" time="0.007" /><testcase classname="tests.test_scheduler" name="test_notify_dependencies[2-output_time1-next_steps1-event-based]" time="0.042" /><testcase classname="tests.test_scheduler" name="test_notify_dependencies[2-output_time2-next_steps2-event-based]" time="0.007" /><testcase classname="tests.test_scheduler" name="test_notify_dependencies[3-output_time0-next_steps0-event-based]" time="0.008" /><testcase classname="tests.test_scheduler" name="test_notify_dependencies[3-output_time1-next_steps1-event-based]" time="0.007" /><testcase classname="tests.test_scheduler" name="test_notify_dependencies[3-output_time2-next_steps2-event-based]" time="0.007" /><testcase classname="tests.test_scheduler" name="test_notify_dependencies_trigger[event-based]" time="0.006" /><testcase classname="tests.test_scheduler" name="test_prune_dataflow_cache[time-based]" time="0.007" /><testcase classname="tests.test_scheduler" name="test_get_outputs_shifted[time-based]" time="0.008" /><testcase classname="tests.test_scheduler" name="test_get_progress" time="0.001" /><testcase classname="tests.test_simmanager" name="test_start" time="0.004" /><testcase classname="tests.test_simmanager" name="test_start_wrong_api_version" time="0.004" /><testcase classname="tests.test_simmanager" name="test_start_in_process" time="0.006" /><testcase classname="tests.test_simmanager" name="test_start_external_process" time="0.283" /><testcase classname="tests.test_simmanager" name="test_start_proc_timeout_accept" time="0.125" /><testcase classname="tests.test_simmanager" name="test_start_proc_no_port_conflict" time="0.018" /><testcase classname="tests.test_simmanager" name="test_start_external_process_with_environment_variables" time="0.285" /><testcase classname="tests.test_simmanager" name="test_start_connect" time="0.008" /><testcase classname="tests.test_simmanager" name="test_start_connect_timeout_init" time="0.233" /><testcase classname="tests.test_simmanager" name="test_start_connect_stop_timeout" time="0.007" /><testcase classname="tests.test_simmanager" name="test_start_user_error[sim_config0-Not found in sim_config]" time="0.003" /><testcase classname="tests.test_simmanager" name="test_start_user_error[sim_config1-Invalid configuration]" time="0.002" /><testcase classname="tests.test_simmanager" name="test_start_user_error[sim_config2-Malformed Python class name: Expected &quot;module:Class&quot; --&gt; not enough values to unpack (expected 2, got 1)]" time="0.003" /><testcase classname="tests.test_simmanager" name="test_start_user_error[sim_config3-Could not import module: No module named 'eggs' --&gt; No module named 'eggs']" time="0.003" /><testcase classname="tests.test_simmanager" name="test_start_user_error[sim_config4-Class not found in module --&gt; module 'example_sim' has no attribute 'Bacon']" time="0.002" /><testcase classname="tests.test_simmanager" name="test_start_user_error[sim_config5-No such file or directory: 'foo']" time="0.010" /><testcase classname="tests.test_simmanager" name="test_start_user_error[sim_config6-No such file or directory: 'bar']" time="0.009" /><testcase classname="tests.test_simmanager" name="test_start_user_error[sim_config7-Could not parse address &quot;eggs&quot;]" time="0.003" /><testcase classname="tests.test_simmanager" name="test_start_sim_error" time="0.041" /><testcase classname="tests.test_simmanager" name="test_start_init_error" time="0.387" /><testcase classname="tests.test_simmanager" name="test_sim_proxy_illegal_model_names" time="0.004" /><testcase classname="tests.test_simmanager" name="test_sim_proxy_illegal_extra_methods" time="0.006" /><testcase classname="tests.test_simmanager" name="test_sim_proxy_stop_impl" time="0.003" /><testcase classname="tests.test_simmanager" name="test_local_process" time="0.003" /><testcase classname="tests.test_simmanager" name="test_local_process_finalized" time="0.007" /><testcase classname="tests.test_simmanager" name="test_mosaik_remote[_rpc_get_progress-None]" time="0.108" /><testcase classname="tests.test_simmanager" name="test_mosaik_remote[_rpc_get_related_entities-None]" time="0.108" /><testcase classname="tests.test_simmanager" name="test_mosaik_remote[_rpc_get_data-None]" time="0.106" /><testcase classname="tests.test_simmanager" name="test_mosaik_remote[_rpc_set_data-None]" time="0.107" /><testcase classname="tests.test_simmanager" name="test_mosaik_remote[_rpc_get_data_err1-ScenarioError]" time="0.108" /><testcase classname="tests.test_simmanager" name="test_mosaik_remote[_rpc_get_data_err2-ScenarioError]" time="0.107" /><testcase classname="tests.test_simmanager" name="test_mosaik_remote[_rpc_set_data_err1-RemoteException]" time="0.106" /><testcase classname="tests.test_simmanager" name="test_mosaik_remote[_rpc_set_data_err2-RemoteException]" time="0.109" /><testcase classname="tests.test_simmanager" name="test_timed_input_buffer" time="0.001" /><testcase classname="tests.test_simmanager" name="test_global_time_resolution" time="0.006" /><testcase classname="tests.test_tiered_time" name="test_associative" time="2.510" /><testcase classname="tests.test_tiered_time" name="test_torsor" time="2.170" /><testcase classname="tests.test_tutorial" name="test_tutorial[/home/eschulte/mosaik/develop/docs/tutorials/code/demo_2.out]" time="0.974" /><testcase classname="tests.test_tutorial" name="test_tutorial[/home/eschulte/mosaik/develop/docs/tutorials/code/demo_1.out]" time="0.875" /><testcase classname="tests.test_tutorial" name="test_tutorial[/home/eschulte/mosaik/develop/docs/tutorials/code/demo_3.out]" time="0.891" /><testcase classname="tests.test_util" name="test_connect_many_to_one" time="0.002" /><testcase classname="tests.test_util" name="test_connect_randomly[20-20-True-None-dest_connects0]" time="0.022" /><testcase classname="tests.test_util" name="test_connect_randomly[0-20-True-None-dest_connects1]" time="0.007" /><testcase classname="tests.test_util" name="test_connect_randomly[12-20-True-None-dest_connects2]" time="0.017" /><testcase classname="tests.test_util" name="test_connect_randomly[20-12-True-None-dest_connects3]" time="0.018" /><testcase classname="tests.test_util" name="test_connect_randomly[20-1-True-None-dest_connects4]" time="0.019" /><testcase classname="tests.test_util" name="test_connect_randomly[42-20-True-None-dest_connects5]" time="0.030" /><testcase classname="tests.test_util" name="test_connect_randomly[20-20-False-inf-dest_connects6]" time="0.022" /><testcase classname="tests.test_util" name="test_connect_randomly[0-20-False-inf-dest_connects7]" time="0.007" /><testcase classname="tests.test_util" name="test_connect_randomly[12-20-False-inf-dest_connects8]" time="0.016" /><testcase classname="tests.test_util" name="test_connect_randomly[20-12-False-inf-dest_connects9]" time="0.022" /><testcase classname="tests.test_util" name="test_connect_randomly[20-1-False-inf-dest_connects10]" time="0.020" /><testcase classname="tests.test_util" name="test_connect_randomly[90-20-False-inf-dest_connects11]" time="0.067" /><testcase classname="tests.test_util" name="test_connect_randomly[90-20-False-6-dest_connects12]" time="0.067" /><testcase classname="tests.test_util" name="test_connect_randomly_errors" time="0.001" /><testcase classname="tests.scenarios.test_agents_with_async_requests" name="test_scenario[True]" time="1.173" /><testcase classname="tests.scenarios.test_agents_with_async_requests" name="test_scenario[False]" time="1.188" /><testcase classname="tests.scenarios.test_caching_with_time_shifted" name="test_scenario[True]" time="0.046" /><testcase classname="tests.scenarios.test_caching_with_time_shifted" name="test_scenario[False]" time="0.036" /><testcase classname="tests.scenarios.test_complex_time-based_dag" name="test_scenario[True]" time="1.425" /><testcase classname="tests.scenarios.test_complex_time-based_dag" name="test_scenario[False]" time="1.461" /><testcase classname="tests.scenarios.test_control_first" name="test_scenario[True]" time="0.057" /><testcase classname="tests.scenarios.test_control_first" name="test_scenario[False]" time="0.037" /><testcase classname="tests.scenarios.test_control_mixed" name="test_scenario[True]" time="0.037" /><testcase classname="tests.scenarios.test_control_mixed" name="test_scenario[False]" time="0.035" /><testcase classname="tests.scenarios.test_dictionary_as_output" name="test_scenario[True]" time="0.029" /><testcase classname="tests.scenarios.test_dictionary_as_output" name="test_scenario[False]" time="0.023" /><testcase classname="tests.scenarios.test_event-based_and_hybrid" name="test_scenario[True]" time="0.030" /><testcase classname="tests.scenarios.test_event-based_and_hybrid" name="test_scenario[False]" time="0.027" /><testcase classname="tests.scenarios.test_event-based_between_time-based" name="test_scenario[True]" time="0.034" /><testcase classname="tests.scenarios.test_event-based_between_time-based" name="test_scenario[False]" time="0.031" /><testcase classname="tests.scenarios.test_event-based_hybrid_same-time_loop" name="test_scenario[True]" time="0.031" /><testcase classname="tests.scenarios.test_event-based_hybrid_same-time_loop" name="test_scenario[False]" time="0.029" /><testcase classname="tests.scenarios.test_event-based_hybrid_self_steps" name="test_scenario[True]" time="0.028" /><testcase classname="tests.scenarios.test_event-based_hybrid_self_steps" name="test_scenario[False]" time="0.028" /><testcase classname="tests.scenarios.test_event-based_insert_ealier_step" name="test_scenario[True]" time="0.042" /><testcase classname="tests.scenarios.test_event-based_insert_ealier_step" name="test_scenario[False]" time="0.040" /><testcase classname="tests.scenarios.test_event-based_loop_connected" name="test_scenario[True]" time="0.029" /><testcase classname="tests.scenarios.test_event-based_loop_connected" name="test_scenario[False]" time="0.027" /><testcase classname="tests.scenarios.test_event-based_order_in_step" name="test_scenario[True]" time="0.030" /><testcase classname="tests.scenarios.test_event-based_order_in_step" name="test_scenario[False]" time="0.028" /><testcase classname="tests.scenarios.test_event-based_same-time_loop_time_shifted" name="test_scenario[True]" time="0.030" /><testcase classname="tests.scenarios.test_event-based_same-time_loop_time_shifted" name="test_scenario[False]" time="0.028" /><testcase classname="tests.scenarios.test_event-based_same-time_loop_to_event-based" name="test_scenario[True]" time="0.048" /><testcase classname="tests.scenarios.test_event-based_same-time_loop_to_event-based" name="test_scenario[False]" time="0.044" /><testcase classname="tests.scenarios.test_event-based_self_steps" name="test_scenario[True]" time="0.031" /><testcase classname="tests.scenarios.test_event-based_self_steps" name="test_scenario[False]" time="0.030" /><testcase classname="tests.scenarios.test_event-based_skipped_output" name="test_scenario[True]" time="0.027" /><testcase classname="tests.scenarios.test_event-based_skipped_output" name="test_scenario[False]" time="0.025" /><testcase classname="tests.scenarios.test_event-based_strange_event_times" name="test_scenario[True]" time="0.783" /><testcase classname="tests.scenarios.test_event-based_strange_event_times" name="test_scenario[False]" time="0.729" /><testcase classname="tests.scenarios.test_event-based_to_event-based" name="test_scenario[True]" time="0.032" /><testcase classname="tests.scenarios.test_event-based_to_event-based" name="test_scenario[False]" time="0.026" /><testcase classname="tests.scenarios.test_event-based_to_event-based_loop" name="test_scenario[True]" time="0.035" /><testcase classname="tests.scenarios.test_event-based_to_event-based_loop" name="test_scenario[False]" time="0.028" /><testcase classname="tests.scenarios.test_event-based_to_sparse_time-based" name="test_scenario[True]" time="0.030" /><testcase classname="tests.scenarios.test_event-based_to_sparse_time-based" name="test_scenario[False]" time="0.025" /><testcase classname="tests.scenarios.test_event-based_to_time-based" name="test_scenario[True]" time="0.026" /><testcase classname="tests.scenarios.test_event-based_to_time-based" name="test_scenario[False]" time="0.026" /><testcase classname="tests.scenarios.test_event-based_triple_loop" name="test_scenario[True]" time="0.031" /><testcase classname="tests.scenarios.test_event-based_triple_loop" name="test_scenario[False]" time="0.032" /><testcase classname="tests.scenarios.test_event-based_two_loops_1" name="test_scenario[True]" time="0.039" /><testcase classname="tests.scenarios.test_event-based_two_loops_1" name="test_scenario[False]" time="0.032" /><testcase classname="tests.scenarios.test_event-based_two_loops_2" name="test_scenario[True]" time="0.860" /><testcase classname="tests.scenarios.test_event-based_two_loops_2" name="test_scenario[False]" time="0.908" /><testcase classname="tests.scenarios.test_event-based_weak_loop" name="test_scenario[True]" time="0.038" /><testcase classname="tests.scenarios.test_event-based_weak_loop" name="test_scenario[False]" time="0.029" /><testcase classname="tests.scenarios.test_hybrid_between_time-based" name="test_scenario[True]" time="0.035" /><testcase classname="tests.scenarios.test_hybrid_between_time-based" name="test_scenario[False]" time="0.034" /><testcase classname="tests.scenarios.test_hybrid_initial_data" name="test_scenario[True]" time="0.028" /><testcase classname="tests.scenarios.test_hybrid_initial_data" name="test_scenario[False]" time="0.026" /><testcase classname="tests.scenarios.test_hybrid_to_time-based" name="test_scenario[True]" time="0.029" /><testcase classname="tests.scenarios.test_hybrid_to_time-based" name="test_scenario[False]" time="0.025" /><testcase classname="tests.scenarios.test_outputs_to_trigger_non-trigger_edge" name="test_scenario[True]" time="0.028" /><testcase classname="tests.scenarios.test_outputs_to_trigger_non-trigger_edge" name="test_scenario[False]" time="0.024" /><testcase classname="tests.scenarios.test_same-time_loop" name="test_scenario[True]" time="0.049" /><testcase classname="tests.scenarios.test_same-time_loop" name="test_scenario[False]" time="0.041" /><testcase classname="tests.scenarios.test_single_self_stepping" name="test_scenario[True]" time="0.025" /><testcase classname="tests.scenarios.test_single_self_stepping" name="test_scenario[False]" time="0.023" /><testcase classname="tests.scenarios.test_slower_ancestor" name="test_scenario[True]" time="0.029" /><testcase classname="tests.scenarios.test_slower_ancestor" name="test_scenario[False]" time="0.027" /><testcase classname="tests.scenarios.test_slower_successor" name="test_scenario[True]" time="0.031" /><testcase classname="tests.scenarios.test_slower_successor" name="test_scenario[False]" time="0.027" /><testcase classname="tests.scenarios.test_time-based_run_until_end" name="test_scenario[True]" time="0.028" /><testcase classname="tests.scenarios.test_time-based_run_until_end" name="test_scenario[False]" time="0.028" /><testcase classname="tests.scenarios.test_time-based_to_event-based_chain" name="test_scenario[True]" time="0.037" /><testcase classname="tests.scenarios.test_time-based_to_event-based_chain" name="test_scenario[False]" time="0.034" /><testcase classname="tests.scenarios.test_time-based_to_event-based_with_self_steps" name="test_scenario[True]" time="0.032" /><testcase classname="tests.scenarios.test_time-based_to_event-based_with_self_steps" name="test_scenario[False]" time="0.027" /><testcase classname="tests.scenarios.test_time-based_to_event-based_without_self_steps" name="test_scenario[True]" time="0.029" /><testcase classname="tests.scenarios.test_time-based_to_event-based_without_self_steps" name="test_scenario[False]" time="0.028" /><testcase classname="tests.scenarios.test_time_based_pair" name="test_scenario[True]" time="0.030" /><testcase classname="tests.scenarios.test_time_based_pair" name="test_scenario[False]" time="0.026" /><testcase classname="tests.scenarios.test_trigger_non-trigger_edge" name="test_scenario[True]" time="0.029" /><testcase classname="tests.scenarios.test_trigger_non-trigger_edge" name="test_scenario[False]" time="0.028" /></testsuite></testsuites>